Sun Sep 03 2023 18:7:14 } [PH] error: 
Invalid `prisma.studentSemesterRegistrationCourse.findMany()` invocation:


Transaction API error: Transaction already closed: Could not perform operation.
Sun Sep 03 2023 18:32:4 } [PH] error: 
Invalid `prisma.studentEnrolledCourse.create()` invocation:


Transaction API error: Transaction already closed: A query cannot be executed on a committed transaction.
Sun Sep 03 2023 18:33:41 } [PH] error: 
Invalid `prisma.studentSemesterRegistrationCourse.findMany()` invocation:


Transaction API error: Transaction already closed: Could not perform operation.
Sun Sep 03 2023 18:34:40 } [PH] error: 
Invalid `prisma.studentSemesterRegistrationCourse.findMany()` invocation:


Transaction API error: Transaction already closed: Could not perform operation.
Sun Sep 03 2023 18:35:25 } [PH] error: 
Invalid `prisma.studentEnrolledCourse.create()` invocation:


Transaction API error: Transaction already closed: A query cannot be executed on a committed transaction.
Sun Sep 03 2023 18:40:21 } [PH] error: 
Invalid `prisma.studentSemesterRegistrationCourse.findMany()` invocation:


Transaction API error: Transaction already closed: Could not perform operation.
Sun Sep 03 2023 18:41:47 } [PH] error: 
Invalid `prisma.studentSemesterRegistrationCourse.findMany()` invocation:


Transaction API error: Transaction already closed: Could not perform operation.
Sun Sep 03 2023 18:42:7 } [PH] error: 
Invalid `prisma.studentSemesterRegistrationCourse.findMany()` invocation:


Transaction API error: Transaction already closed: Could not perform operation.
Sun Sep 03 2023 18:43:40 } [PH] error: 
Invalid `prisma.studentSemesterRegistrationCourse.findMany()` invocation:


Transaction API error: Transaction already closed: Could not perform operation.
Sun Sep 03 2023 18:44:35 } [PH] error: 
Invalid `prisma.studentSemesterRegistrationCourse.findMany()` invocation:


Transaction API error: Transaction already closed: Could not perform operation.
Sun Sep 03 2023 18:46:25 } [PH] error: 
Invalid `prisma.studentSemesterRegistrationCourse.findMany()` invocation:


Transaction API error: Transaction already closed: Could not perform operation.
Sun Sep 03 2023 18:46:39 } [PH] error: 
Invalid `prisma.studentEnrolledCourse.create()` invocation:


Transaction API error: Transaction already closed: A query cannot be executed on a committed transaction.
Sun Sep 03 2023 18:49:48 } [PH] error: 
Invalid `prisma.studentSemesterRegistrationCourse.findMany()` invocation:


Transaction API error: Transaction already closed: Could not perform operation.
Sun Sep 03 2023 18:52:56 } [PH] error: 
Invalid `prisma.studentEnrolledCourse.create()` invocation:


Transaction API error: Transaction already closed: A query cannot be executed on a committed transaction.
